<?xml version="1.0" encoding="UTF-8"?>
<!-- Generated by org.testng.reporters.JUnitReportReporter -->
<testsuite hostname="TYSS-Chaithra" failures="0" tests="1" name="demoGit.DemoGit" time="0.009" errors="0" timestamp="2022-01-24T17:29:54 IST" skipped="0">
  <testcase classname="demoGit.DemoGit" name="demoGit" time="0.009"/>
  <system-out/>
</testsuite> <!-- demoGit.DemoGit -->
